ï―ŋSystem version: Windows 10 Home-25H2-26200.8246
GPU: Failed to get GPU information
2026-05-12 16:47:05 | Error code:    252, message: Frame is empty
ï―ŋSystem version: Windows 10 Home-25H2-26200.8246
GPU: Failed to get GPU information
2026-05-12 16:47:41 | Error code:    252, message: Frame is empty
ï―ŋSystem version: Windows 10 Home-25H2-26200.8246
GPU: Failed to get GPU information
2026-05-12 16:58:21 | Error code:    106, message: Paimon/minimap HUD was not detected. Make sure the normal in-game HUD is visible
ï―ŋSystem version: Windows 10 Home-25H2-26200.8246
GPU: Failed to get GPU information
2026-05-12 17:00:05 | Error code:    106, message: Paimon/minimap HUD was not detected. Make sure the normal in-game HUD is visible
ï―ŋSystem version: Windows 10 Home-25H2-26200.8246
GPU: Failed to get GPU information
2026-05-12 17:01:55 | Error code:    106, message: Paimon/minimap HUD was not detected. Make sure the normal in-game HUD is visible
ï―ŋSystem version: Windows 10 Home-25H2-26200.8246
GPU: Failed to get GPU information
2026-05-12 17:03:33 | Error code:    106, message: Paimon/minimap HUD was not detected. Make sure the normal in-game HUD is visible
ï―ŋSystem version: Windows 10 Home-25H2-26200.8246
GPU: Failed to get GPU information
2026-05-12 17:05:10 | Error code:    106, message: Paimon/minimap HUD was not detected. Make sure the normal in-game HUD is visible
ï―ŋSystem version: Windows 10 Home-25H2-26200.8246
GPU: Failed to get GPU information
2026-05-12 17:08:25 | Error code:    106, message: Paimon/minimap HUD was not detected. Make sure the normal in-game HUD is visible
ï―ŋSystem version: Windows 10 Home-25H2-26200.8246
GPU: Failed to get GPU information
2026-05-12 17:09:47 | Error code:    106, message: Paimon/minimap HUD was not detected. Make sure the normal in-game HUD is visible
ï―ŋSystem version: Windows 10 Home-25H2-26200.8246
GPU: Failed to get GPU information
2026-05-12 17:13:15 | Error code:    106, message: Paimon/minimap HUD was not detected. Make sure the normal in-game HUD is visible
ï―ŋSystem version: Windows 10 Home-25H2-26200.8246
GPU: Failed to get GPU information
2026-05-12 17:18:21 | Error code:    106, message: Paimon/minimap HUD was not detected. Make sure the normal in-game HUD is visible
ï―ŋSystem version: Windows 10 Home-25H2-26200.8246
GPU: Failed to get GPU information
2026-05-12 17:26:16 | Error code:    106, message: Paimon/minimap HUD was not detected. Make sure the normal in-game HUD is visible
ï―ŋSystem version: Windows 10 Home-25H2-26200.8246
GPU: Failed to get GPU information
2026-05-12 17:30:47 | Error code:    106, message: Paimon/minimap HUD was not detected. Make sure the normal in-game HUD is visible
ï―ŋSystem version: Windows 10 Home-25H2-26200.8246
GPU: Failed to get GPU information
2026-05-12 17:40:26 | Error code:    106, message: Paimon/minimap HUD was not detected. Make sure the normal in-game HUD is visible
ï―ŋSystem version: Windows 10 Home-25H2-26200.8246
GPU: Failed to get GPU information
2026-05-12 17:56:25 | Error code:    109, message: cvAutoTrack_Cache.dat was not found or could not be loaded; position tracking cannot initialize
